  Enhanced_brickgame.cpp
C:\Unique Chambers\CSS499_7_1 Final Project Submission_Unique Chambers\Code Enhancement\linmath.h(64,1): warning C4244: 'initializing': conversion from 'double' to 'float', possible loss of data
  (compiling source file 'Enhanced_brickgame.cpp')
  
C:\Unique Chambers\CSS499_7_1 Final Project Submission_Unique Chambers\Code Enhancement\linmath.h(65,1): warning C4244: 'initializing': conversion from 'double' to 'float', possible loss of data
  (compiling source file 'Enhanced_brickgame.cpp')
  
C:\Unique Chambers\CSS499_7_1 Final Project Submission_Unique Chambers\Code Enhancement\linmath.h(66,1): warning C4244: 'initializing': conversion from 'double' to 'float', possible loss of data
  (compiling source file 'Enhanced_brickgame.cpp')
  
C:\Unique Chambers\CSS499_7_1 Final Project Submission_Unique Chambers\Code Enhancement\linmath.h(344,17): warning C4244: '=': conversion from 'double' to 'float', possible loss of data
  (compiling source file 'Enhanced_brickgame.cpp')
  
C:\Unique Chambers\CSS499_7_1 Final Project Submission_Unique Chambers\Code Enhancement\linmath.h(597,18): warning C4244: 'argument': conversion from 'double' to 'float', possible loss of data
  (compiling source file 'Enhanced_brickgame.cpp')
  
C:\Unique Chambers\CSS499_7_1 Final Project Submission_Unique Chambers\Code Enhancement\linmath.h(604,18): warning C4244: 'argument': conversion from 'double' to 'float', possible loss of data
  (compiling source file 'Enhanced_brickgame.cpp')
  
C:\Program Files (x86)\Windows Kits\10\Include\10.0.22621.0\shared\minwindef.h(130,1): warning C4005: 'APIENTRY': macro redefinition
  (compiling source file 'Enhanced_brickgame.cpp')
  C:\OpenGL\GLFW\include\GLFW\glfw3.h(123,1):
  see previous definition of 'APIENTRY'
  
C:\Unique Chambers\CSS499_7_1 Final Project Submission_Unique Chambers\Code Enhancement\Enhanced_brickgame.cpp(37,31): warning C4305: 'initializing': truncation from 'double' to 'float'
C:\Unique Chambers\CSS499_7_1 Final Project Submission_Unique Chambers\Code Enhancement\Enhanced_brickgame.cpp(91,19): warning C4305: 'initializing': truncation from 'double' to 'float'
C:\Unique Chambers\CSS499_7_1 Final Project Submission_Unique Chambers\Code Enhancement\Enhanced_brickgame.cpp(97,13): warning C4244: '=': conversion from 'double' to 'float', possible loss of data
C:\Unique Chambers\CSS499_7_1 Final Project Submission_Unique Chambers\Code Enhancement\Enhanced_brickgame.cpp(98,13): warning C4244: '=': conversion from 'double' to 'float', possible loss of data
C:\Unique Chambers\CSS499_7_1 Final Project Submission_Unique Chambers\Code Enhancement\Enhanced_brickgame.cpp(99,18): warning C4244: '=': conversion from 'double' to 'float', possible loss of data
C:\Unique Chambers\CSS499_7_1 Final Project Submission_Unique Chambers\Code Enhancement\Enhanced_brickgame.cpp(115,23): warning C4244: '=': conversion from 'double' to 'float', possible loss of data
C:\Unique Chambers\CSS499_7_1 Final Project Submission_Unique Chambers\Code Enhancement\Enhanced_brickgame.cpp(116,23): warning C4244: '=': conversion from 'double' to 'float', possible loss of data
C:\Unique Chambers\CSS499_7_1 Final Project Submission_Unique Chambers\Code Enhancement\Enhanced_brickgame.cpp(249,15): warning C4244: 'argument': conversion from 'time_t' to 'unsigned int', possible loss of data
C:\Unique Chambers\CSS499_7_1 Final Project Submission_Unique Chambers\Code Enhancement\Enhanced_brickgame.cpp(265,42): warning C4305: 'argument': truncation from 'double' to 'float'
C:\Unique Chambers\CSS499_7_1 Final Project Submission_Unique Chambers\Code Enhancement\Enhanced_brickgame.cpp(265,32): warning C4305: 'argument': truncation from 'double' to 'float'
C:\Unique Chambers\CSS499_7_1 Final Project Submission_Unique Chambers\Code Enhancement\Enhanced_brickgame.cpp(266,43): warning C4305: 'argument': truncation from 'double' to 'float'
C:\Unique Chambers\CSS499_7_1 Final Project Submission_Unique Chambers\Code Enhancement\Enhanced_brickgame.cpp(266,38): warning C4305: 'argument': truncation from 'double' to 'float'
C:\Unique Chambers\CSS499_7_1 Final Project Submission_Unique Chambers\Code Enhancement\Enhanced_brickgame.cpp(266,33): warning C4305: 'argument': truncation from 'double' to 'float'
C:\Unique Chambers\CSS499_7_1 Final Project Submission_Unique Chambers\Code Enhancement\Enhanced_brickgame.cpp(267,43): warning C4305: 'argument': truncation from 'double' to 'float'
C:\Unique Chambers\CSS499_7_1 Final Project Submission_Unique Chambers\Code Enhancement\Enhanced_brickgame.cpp(267,38): warning C4305: 'argument': truncation from 'double' to 'float'
C:\Unique Chambers\CSS499_7_1 Final Project Submission_Unique Chambers\Code Enhancement\Enhanced_brickgame.cpp(267,33): warning C4305: 'argument': truncation from 'double' to 'float'
C:\Unique Chambers\CSS499_7_1 Final Project Submission_Unique Chambers\Code Enhancement\Enhanced_brickgame.cpp(268,42): warning C4305: 'argument': truncation from 'double' to 'float'
C:\Unique Chambers\CSS499_7_1 Final Project Submission_Unique Chambers\Code Enhancement\Enhanced_brickgame.cpp(269,42): warning C4305: 'argument': truncation from 'double' to 'float'
C:\Unique Chambers\CSS499_7_1 Final Project Submission_Unique Chambers\Code Enhancement\Enhanced_brickgame.cpp(269,37): warning C4305: 'argument': truncation from 'double' to 'float'
C:\Unique Chambers\CSS499_7_1 Final Project Submission_Unique Chambers\Code Enhancement\Enhanced_brickgame.cpp(270,42): warning C4305: 'argument': truncation from 'double' to 'float'
C:\Unique Chambers\CSS499_7_1 Final Project Submission_Unique Chambers\Code Enhancement\Enhanced_brickgame.cpp(270,37): warning C4305: 'argument': truncation from 'double' to 'float'
C:\Unique Chambers\CSS499_7_1 Final Project Submission_Unique Chambers\Code Enhancement\Enhanced_brickgame.cpp(271,42): warning C4305: 'argument': truncation from 'double' to 'float'
C:\Unique Chambers\CSS499_7_1 Final Project Submission_Unique Chambers\Code Enhancement\Enhanced_brickgame.cpp(271,32): warning C4305: 'argument': truncation from 'double' to 'float'
C:\Unique Chambers\CSS499_7_1 Final Project Submission_Unique Chambers\Code Enhancement\Enhanced_brickgame.cpp(272,42): warning C4305: 'argument': truncation from 'double' to 'float'
C:\Unique Chambers\CSS499_7_1 Final Project Submission_Unique Chambers\Code Enhancement\Enhanced_brickgame.cpp(272,37): warning C4305: 'argument': truncation from 'double' to 'float'
C:\Unique Chambers\CSS499_7_1 Final Project Submission_Unique Chambers\Code Enhancement\Enhanced_brickgame.cpp(272,32): warning C4305: 'argument': truncation from 'double' to 'float'
C:\Unique Chambers\CSS499_7_1 Final Project Submission_Unique Chambers\Code Enhancement\Enhanced_brickgame.cpp(273,42): warning C4305: 'argument': truncation from 'double' to 'float'
C:\Unique Chambers\CSS499_7_1 Final Project Submission_Unique Chambers\Code Enhancement\Enhanced_brickgame.cpp(273,37): warning C4305: 'argument': truncation from 'double' to 'float'
C:\Unique Chambers\CSS499_7_1 Final Project Submission_Unique Chambers\Code Enhancement\Enhanced_brickgame.cpp(273,32): warning C4305: 'argument': truncation from 'double' to 'float'
C:\Unique Chambers\CSS499_7_1 Final Project Submission_Unique Chambers\Code Enhancement\Enhanced_brickgame.cpp(274,43): warning C4305: 'argument': truncation from 'double' to 'float'
C:\Unique Chambers\CSS499_7_1 Final Project Submission_Unique Chambers\Code Enhancement\Enhanced_brickgame.cpp(274,33): warning C4305: 'argument': truncation from 'double' to 'float'
C:\Unique Chambers\CSS499_7_1 Final Project Submission_Unique Chambers\Code Enhancement\Enhanced_brickgame.cpp(275,43): warning C4305: 'argument': truncation from 'double' to 'float'
C:\Unique Chambers\CSS499_7_1 Final Project Submission_Unique Chambers\Code Enhancement\Enhanced_brickgame.cpp(275,38): warning C4305: 'argument': truncation from 'double' to 'float'
C:\Unique Chambers\CSS499_7_1 Final Project Submission_Unique Chambers\Code Enhancement\Enhanced_brickgame.cpp(275,33): warning C4305: 'argument': truncation from 'double' to 'float'
C:\Unique Chambers\CSS499_7_1 Final Project Submission_Unique Chambers\Code Enhancement\Enhanced_brickgame.cpp(276,43): warning C4305: 'argument': truncation from 'double' to 'float'
C:\Unique Chambers\CSS499_7_1 Final Project Submission_Unique Chambers\Code Enhancement\Enhanced_brickgame.cpp(276,38): warning C4305: 'argument': truncation from 'double' to 'float'
C:\Unique Chambers\CSS499_7_1 Final Project Submission_Unique Chambers\Code Enhancement\Enhanced_brickgame.cpp(276,33): warning C4305: 'argument': truncation from 'double' to 'float'
C:\Unique Chambers\CSS499_7_1 Final Project Submission_Unique Chambers\Code Enhancement\Enhanced_brickgame.cpp(297,27): warning C4018: '<': signed/unsigned mismatch
C:\Unique Chambers\CSS499_7_1 Final Project Submission_Unique Chambers\Code Enhancement\Enhanced_brickgame.cpp(329,64): warning C4244: 'argument': conversion from 'double' to 'float', possible loss of data
C:\Unique Chambers\CSS499_7_1 Final Project Submission_Unique Chambers\Code Enhancement\Enhanced_brickgame.cpp(329,61): warning C4244: 'argument': conversion from 'double' to 'float', possible loss of data
C:\Unique Chambers\CSS499_7_1 Final Project Submission_Unique Chambers\Code Enhancement\Enhanced_brickgame.cpp(329,58): warning C4244: 'argument': conversion from 'double' to 'float', possible loss of data
C:\Unique Chambers\CSS499_7_1 Final Project Submission_Unique Chambers\Code Enhancement\Enhanced_brickgame.cpp(329,52): warning C4305: 'argument': truncation from 'double' to 'float'
C:\Unique Chambers\CSS499_7_1 Final Project Submission_Unique Chambers\Code Enhancement\Enhanced_brickgame.cpp(384,52): warning C4244: 'argument': conversion from 'double' to 'float', possible loss of data
C:\Unique Chambers\CSS499_7_1 Final Project Submission_Unique Chambers\Code Enhancement\Enhanced_brickgame.cpp(384,49): warning C4244: 'argument': conversion from 'double' to 'float', possible loss of data
C:\Unique Chambers\CSS499_7_1 Final Project Submission_Unique Chambers\Code Enhancement\Enhanced_brickgame.cpp(384,46): warning C4244: 'argument': conversion from 'double' to 'float', possible loss of data
C:\Unique Chambers\CSS499_7_1 Final Project Submission_Unique Chambers\Code Enhancement\Enhanced_brickgame.cpp(384,40): warning C4305: 'argument': truncation from 'double' to 'float'
LINK : warning LNK4098: defaultlib 'MSVCRT' conflicts with use of other libs; use /NODEFAULTLIB:library
  Code Enhancement.vcxproj -> C:\Unique Chambers\CSS499_7_1 Final Project Submission_Unique Chambers\Code Enhancement\Debug\Code Enhancement.exe
